<?xml version="1.0" encoding="UTF-8"?>
<!-- Generated by org.testng.reporters.JUnitReportReporter -->
<testsuite skipped="0" hostname="MaheshKumar" name="com.fp.flipkart.RootClass" tests="1" failures="0" timestamp="25 Aug 2022 16:38:22 GMT" time="5.563" errors="0">
  <testcase name="Test1" time="5.563" classname="com.fp.flipkart.RootClass"/>
</testsuite> <!-- com.fp.flipkart.RootClass -->
