<?xml version="1.0" encoding="UTF-8"?>
<!-- Generated by org.testng.reporters.JUnitReportReporter -->
<testsuite skipped="0" hostname="MaheshKumar" name="com.OpK.testcases.UI" tests="1" failures="0" timestamp="2022-08-28T21:36:00 IST" time="0.116" errors="0">
  <testcase name="checklogo" time="0.116" classname="com.OpK.testcases.UI"/>
  <system-out/>
</testsuite> <!-- com.OpK.testcases.UI -->
