<?xml version="1.0" encoding="UTF-8"?>
<!-- Generated by org.testng.reporters.JUnitReportReporter -->
<testsuite skipped="0" hostname="MaheshKumar" name="com.OpK.testcases.Testcase_addtocart" tests="1" failures="0" timestamp="2022-08-28T21:56:34 IST" time="1.539" errors="0">
  <testcase name="test_001" time="1.539" classname="com.OpK.testcases.Testcase_addtocart"/>
  <system-out/>
</testsuite> <!-- com.OpK.testcases.Testcase_addtocart -->
