<?xml version="1.0" encoding="UTF-8"?>
<!-- Generated by org.testng.reporters.JUnitReportReporter -->
<testsuite skipped="0" hostname="MaheshKumar" name="com.OpK.testcase.Testcase_register" tests="1" failures="0" timestamp="2022-08-28T18:55:30 IST" time="1.083" errors="0">
  <testcase name="completeregister" time="1.083" classname="com.OpK.testcase.Testcase_register"/>
  <system-out/>
</testsuite> <!-- com.OpK.testcase.Testcase_register -->
