<?xml version="1.0" encoding="UTF-8"?>
<!-- Generated by org.testng.reporters.JUnitReportReporter -->
<testsuite skipped="0" hostname="MaheshKumar" name="com.OpK.smoketesting.loginPage" tests="1" failures="0" timestamp="2022-08-28T16:38:52 IST" time="0.716" errors="0">
  <testcase name="TS_002" time="0.716" classname="com.OpK.smoketesting.loginPage"/>
  <system-out/>
</testsuite> <!-- com.OpK.smoketesting.loginPage -->
