<?xml version="1.0" encoding="UTF-8"?>
<!-- Generated by org.testng.reporters.JUnitReportReporter -->
<testsuite skipped="0" hostname="MaheshKumar" name="com.OpK.testcases.Testcase_register" tests="1" failures="0" timestamp="2022-08-28T18:58:46 IST" time="1.054" errors="0">
  <testcase name="completeregister" time="1.054" classname="com.OpK.testcases.Testcase_register"/>
  <system-out/>
</testsuite> <!-- com.OpK.testcases.Testcase_register -->
